{"H:\\Projetos\\sps-test\\sps-back\\src\\routes.js": {"path":"H:\\Projetos\\sps-test\\sps-back\\src\\routes.js","statementMap":{"0":{"start":{"line":1,"column":19},"end":{"line":1,"column":37}},"1":{"start":{"line":2,"column":23},"end":{"line":2,"column":62}},"2":{"start":{"line":3,"column":23},"end":{"line":3,"column":62}},"3":{"start":{"line":4,"column":23},"end":{"line":4,"column":51}},"4":{"start":{"line":5,"column":17},"end":{"line":5,"column":49}},"5":{"start":{"line":6,"column":15},"end":{"line":6,"column":45}},"6":{"start":{"line":8,"column":15},"end":{"line":8,"column":23}},"7":{"start":{"line":28,"column":0},"end":{"line":30,"column":3}},"8":{"start":{"line":29,"column":2},"end":{"line":29,"column":72}},"9":{"start":{"line":41,"column":0},"end":{"line":43,"column":3}},"10":{"start":{"line":42,"column":2},"end":{"line":42,"column":66}},"11":{"start":{"line":70,"column":0},"end":{"line":70,"column":49}},"12":{"start":{"line":91,"column":0},"end":{"line":91,"column":73}},"13":{"start":{"line":106,"column":0},"end":{"line":106,"column":70}},"14":{"start":{"line":141,"column":0},"end":{"line":141,"column":94}},"15":{"start":{"line":176,"column":0},"end":{"line":176,"column":100}},"16":{"start":{"line":197,"column":0},"end":{"line":197,"column":75}},"17":{"start":{"line":199,"column":0},"end":{"line":199,"column":24}}},"fnMap":{"0":{"name":"(anonymous_0)","decl":{"start":{"line":28,"column":16},"end":{"line":28,"column":17}},"loc":{"start":{"line":28,"column":30},"end":{"line":30,"column":1}},"line":28},"1":{"name":"(anonymous_1)","decl":{"start":{"line":41,"column":22},"end":{"line":41,"column":23}},"loc":{"start":{"line":41,"column":36},"end":{"line":43,"column":1}},"line":41}},"branchMap":{},"s":{"0":5,"1":5,"2":5,"3":5,"4":5,"5":5,"6":5,"7":5,"8":2,"9":5,"10":0,"11":5,"12":5,"13":5,"14":5,"15":5,"16":5,"17":5},"f":{"0":2,"1":0},"b":{},"_coverageSchema":"1a1c01bbd47fc00a2c39e90264f33305004495a9","hash":"76c0c51096879fa694a890485838af3d74d1ef5d"}
,"H:\\Projetos\\sps-test\\sps-back\\src\\config\\logger.js": {"path":"H:\\Projetos\\sps-test\\sps-back\\src\\config\\logger.js","statementMap":{"0":{"start":{"line":1,"column":16},"end":{"line":1,"column":34}},"1":{"start":{"line":3,"column":15},"end":{"line":18,"column":2}},"2":{"start":{"line":20,"column":0},"end":{"line":20,"column":24}}},"fnMap":{},"branchMap":{},"s":{"0":0,"1":0,"2":0},"f":{},"b":{}}
,"H:\\Projetos\\sps-test\\sps-back\\src\\config\\swagger.js": {"path":"H:\\Projetos\\sps-test\\sps-back\\src\\config\\swagger.js","statementMap":{"0":{"start":{"line":1,"column":21},"end":{"line":1,"column":45}},"1":{"start":{"line":3,"column":16},"end":{"line":28,"column":1}},"2":{"start":{"line":30,"column":0},"end":{"line":30,"column":39}}},"fnMap":{},"branchMap":{},"s":{"0":0,"1":0,"2":0},"f":{},"b":{}}
,"H:\\Projetos\\sps-test\\sps-back\\src\\controllers\\AuthController.js": {"path":"H:\\Projetos\\sps-test\\sps-back\\src\\controllers\\AuthController.js","statementMap":{"0":{"start":{"line":1,"column":20},"end":{"line":1,"column":54}},"1":{"start":{"line":5,"column":32},"end":{"line":5,"column":40}},"2":{"start":{"line":7,"column":4},"end":{"line":9,"column":5}},"3":{"start":{"line":8,"column":6},"end":{"line":8,"column":79}},"4":{"start":{"line":11,"column":19},"end":{"line":11,"column":59}},"5":{"start":{"line":13,"column":4},"end":{"line":15,"column":5}},"6":{"start":{"line":14,"column":6},"end":{"line":14,"column":70}},"7":{"start":{"line":17,"column":4},"end":{"line":17,"column":21}},"8":{"start":{"line":21,"column":0},"end":{"line":21,"column":38}}},"fnMap":{"0":{"name":"(anonymous_0)","decl":{"start":{"line":4,"column":2},"end":{"line":4,"column":3}},"loc":{"start":{"line":4,"column":24},"end":{"line":18,"column":3}},"line":4}},"branchMap":{"0":{"loc":{"start":{"line":7,"column":4},"end":{"line":9,"column":5}},"type":"if","locations":[{"start":{"line":7,"column":4},"end":{"line":9,"column":5}},{"start":{},"end":{}}],"line":7},"1":{"loc":{"start":{"line":7,"column":8},"end":{"line":7,"column":27}},"type":"binary-expr","locations":[{"start":{"line":7,"column":8},"end":{"line":7,"column":14}},{"start":{"line":7,"column":18},"end":{"line":7,"column":27}}],"line":7},"2":{"loc":{"start":{"line":13,"column":4},"end":{"line":15,"column":5}},"type":"if","locations":[{"start":{"line":13,"column":4},"end":{"line":15,"column":5}},{"start":{},"end":{}}],"line":13}},"s":{"0":6,"1":8,"2":8,"3":2,"4":6,"5":6,"6":1,"7":5,"8":6},"f":{"0":8},"b":{"0":[2,6],"1":[8,7],"2":[1,5]},"_coverageSchema":"1a1c01bbd47fc00a2c39e90264f33305004495a9","hash":"04a9b9767ac3fd30777038067cbc1d1a7e210d47"}
,"H:\\Projetos\\sps-test\\sps-back\\src\\controllers\\UserController.js": {"path":"H:\\Projetos\\sps-test\\sps-back\\src\\controllers\\UserController.js","statementMap":{"0":{"start":{"line":1,"column":20},"end":{"line":1,"column":54}},"1":{"start":{"line":5,"column":4},"end":{"line":10,"column":5}},"2":{"start":{"line":6,"column":20},"end":{"line":6,"column":51}},"3":{"start":{"line":7,"column":6},"end":{"line":7,"column":22}},"4":{"start":{"line":9,"column":6},"end":{"line":9,"column":53}},"5":{"start":{"line":14,"column":4},"end":{"line":25,"column":5}},"6":{"start":{"line":15,"column":21},"end":{"line":15,"column":31}},"7":{"start":{"line":16,"column":19},"end":{"line":16,"column":52}},"8":{"start":{"line":18,"column":6},"end":{"line":20,"column":7}},"9":{"start":{"line":19,"column":8},"end":{"line":19,"column":73}},"10":{"start":{"line":22,"column":6},"end":{"line":22,"column":21}},"11":{"start":{"line":24,"column":6},"end":{"line":24,"column":53}},"12":{"start":{"line":29,"column":4},"end":{"line":41,"column":5}},"13":{"start":{"line":30,"column":46},"end":{"line":30,"column":54}},"14":{"start":{"line":31,"column":21},"end":{"line":31,"column":78}},"15":{"start":{"line":33,"column":6},"end":{"line":35,"column":7}},"16":{"start":{"line":34,"column":8},"end":{"line":34,"column":83}},"17":{"start":{"line":37,"column":19},"end":{"line":37,"column":88}},"18":{"start":{"line":38,"column":6},"end":{"line":38,"column":33}},"19":{"start":{"line":40,"column":6},"end":{"line":40,"column":53}},"20":{"start":{"line":45,"column":4},"end":{"line":67,"column":5}},"21":{"start":{"line":46,"column":21},"end":{"line":46,"column":31}},"22":{"start":{"line":47,"column":25},"end":{"line":47,"column":40}},"23":{"start":{"line":49,"column":6},"end":{"line":51,"column":7}},"24":{"start":{"line":50,"column":8},"end":{"line":50,"column":68}},"25":{"start":{"line":54,"column":6},"end":{"line":56,"column":7}},"26":{"start":{"line":55,"column":8},"end":{"line":55,"column":31}},"27":{"start":{"line":58,"column":19},"end":{"line":58,"column":63}},"28":{"start":{"line":60,"column":6},"end":{"line":62,"column":7}},"29":{"start":{"line":61,"column":8},"end":{"line":61,"column":73}},"30":{"start":{"line":64,"column":6},"end":{"line":64,"column":21}},"31":{"start":{"line":66,"column":6},"end":{"line":66,"column":53}},"32":{"start":{"line":71,"column":4},"end":{"line":82,"column":5}},"33":{"start":{"line":72,"column":21},"end":{"line":72,"column":31}},"34":{"start":{"line":73,"column":22},"end":{"line":73,"column":54}},"35":{"start":{"line":75,"column":6},"end":{"line":77,"column":7}},"36":{"start":{"line":76,"column":8},"end":{"line":76,"column":73}},"37":{"start":{"line":79,"column":6},"end":{"line":79,"column":29}},"38":{"start":{"line":81,"column":6},"end":{"line":81,"column":53}},"39":{"start":{"line":86,"column":0},"end":{"line":86,"column":38}}},"fnMap":{"0":{"name":"(anonymous_0)","decl":{"start":{"line":4,"column":2},"end":{"line":4,"column":3}},"loc":{"start":{"line":4,"column":27},"end":{"line":11,"column":3}},"line":4},"1":{"name":"(anonymous_1)","decl":{"start":{"line":13,"column":2},"end":{"line":13,"column":3}},"loc":{"start":{"line":13,"column":26},"end":{"line":26,"column":3}},"line":13},"2":{"name":"(anonymous_2)","decl":{"start":{"line":28,"column":2},"end":{"line":28,"column":3}},"loc":{"start":{"line":28,"column":29},"end":{"line":42,"column":3}},"line":28},"3":{"name":"(anonymous_3)","decl":{"start":{"line":44,"column":2},"end":{"line":44,"column":3}},"loc":{"start":{"line":44,"column":29},"end":{"line":68,"column":3}},"line":44},"4":{"name":"(anonymous_4)","decl":{"start":{"line":70,"column":2},"end":{"line":70,"column":3}},"loc":{"start":{"line":70,"column":29},"end":{"line":83,"column":3}},"line":70}},"branchMap":{"0":{"loc":{"start":{"line":18,"column":6},"end":{"line":20,"column":7}},"type":"if","locations":[{"start":{"line":18,"column":6},"end":{"line":20,"column":7}},{"start":{},"end":{}}],"line":18},"1":{"loc":{"start":{"line":31,"column":21},"end":{"line":31,"column":78}},"type":"cond-expr","locations":[{"start":{"line":31,"column":32},"end":{"line":31,"column":71}},{"start":{"line":31,"column":74},"end":{"line":31,"column":78}}],"line":31},"2":{"loc":{"start":{"line":33,"column":6},"end":{"line":35,"column":7}},"type":"if","locations":[{"start":{"line":33,"column":6},"end":{"line":35,"column":7}},{"start":{},"end":{}}],"line":33},"3":{"loc":{"start":{"line":33,"column":10},"end":{"line":33,"column":47}},"type":"binary-expr","locations":[{"start":{"line":33,"column":10},"end":{"line":33,"column":15}},{"start":{"line":33,"column":19},"end":{"line":33,"column":25}},{"start":{"line":33,"column":29},"end":{"line":33,"column":34}},{"start":{"line":33,"column":38},"end":{"line":33,"column":47}}],"line":33},"4":{"loc":{"start":{"line":49,"column":6},"end":{"line":51,"column":7}},"type":"if","locations":[{"start":{"line":49,"column":6},"end":{"line":51,"column":7}},{"start":{},"end":{}}],"line":49},"5":{"loc":{"start":{"line":54,"column":6},"end":{"line":56,"column":7}},"type":"if","locations":[{"start":{"line":54,"column":6},"end":{"line":56,"column":7}},{"start":{},"end":{}}],"line":54},"6":{"loc":{"start":{"line":54,"column":10},"end":{"line":54,"column":54}},"type":"binary-expr","locations":[{"start":{"line":54,"column":10},"end":{"line":54,"column":35}},{"start":{"line":54,"column":39},"end":{"line":54,"column":54}}],"line":54},"7":{"loc":{"start":{"line":60,"column":6},"end":{"line":62,"column":7}},"type":"if","locations":[{"start":{"line":60,"column":6},"end":{"line":62,"column":7}},{"start":{},"end":{}}],"line":60},"8":{"loc":{"start":{"line":75,"column":6},"end":{"line":77,"column":7}},"type":"if","locations":[{"start":{"line":75,"column":6},"end":{"line":77,"column":7}},{"start":{},"end":{}}],"line":75}},"s":{"0":6,"1":4,"2":4,"3":4,"4":0,"5":0,"6":0,"7":0,"8":0,"9":0,"10":0,"11":0,"12":7,"13":7,"14":7,"15":7,"16":2,"17":5,"18":4,"19":1,"20":4,"21":4,"22":4,"23":4,"24":0,"25":4,"26":0,"27":4,"28":4,"29":1,"30":3,"31":0,"32":4,"33":4,"34":4,"35":4,"36":1,"37":3,"38":0,"39":6},"f":{"0":4,"1":0,"2":7,"3":4,"4":4},"b":{"0":[0,0],"1":[0,7],"2":[2,5],"3":[7,6,5,5],"4":[0,4],"5":[0,4],"6":[4,3],"7":[1,3],"8":[1,3]},"_coverageSchema":"1a1c01bbd47fc00a2c39e90264f33305004495a9","hash":"95eda19fa361988cfa066943874eeafa52f5d11d"}
,"H:\\Projetos\\sps-test\\sps-back\\src\\database\\index.js": {"path":"H:\\Projetos\\sps-test\\sps-back\\src\\database\\index.js","statementMap":{"0":{"start":{"line":1,"column":21},"end":{"line":1,"column":46}},"1":{"start":{"line":2,"column":22},"end":{"line":2,"column":48}},"2":{"start":{"line":3,"column":15},"end":{"line":3,"column":42}},"3":{"start":{"line":11,"column":4},"end":{"line":11,"column":25}},"4":{"start":{"line":12,"column":4},"end":{"line":12,"column":53}},"5":{"start":{"line":16,"column":4},"end":{"line":28,"column":5}},"6":{"start":{"line":17,"column":6},"end":{"line":24,"column":7}},"7":{"start":{"line":18,"column":8},"end":{"line":18,"column":38}},"8":{"start":{"line":19,"column":8},"end":{"line":19,"column":38}},"9":{"start":{"line":20,"column":8},"end":{"line":20,"column":56}},"10":{"start":{"line":22,"column":8},"end":{"line":22,"column":115}},"11":{"start":{"line":23,"column":8},"end":{"line":23,"column":37}},"12":{"start":{"line":26,"column":6},"end":{"line":26,"column":35}},"13":{"start":{"line":27,"column":6},"end":{"line":27,"column":53}},"14":{"start":{"line":32,"column":4},"end":{"line":34,"column":5}},"15":{"start":{"line":33,"column":6},"end":{"line":33,"column":81}},"16":{"start":{"line":35,"column":4},"end":{"line":35,"column":25}},"17":{"start":{"line":39,"column":0},"end":{"line":39,"column":39}}},"fnMap":{"0":{"name":"(anonymous_0)","decl":{"start":{"line":10,"column":2},"end":{"line":10,"column":3}},"loc":{"start":{"line":10,"column":16},"end":{"line":13,"column":3}},"line":10},"1":{"name":"(anonymous_1)","decl":{"start":{"line":15,"column":2},"end":{"line":15,"column":3}},"loc":{"start":{"line":15,"column":21},"end":{"line":29,"column":3}},"line":15},"2":{"name":"(anonymous_2)","decl":{"start":{"line":31,"column":2},"end":{"line":31,"column":3}},"loc":{"start":{"line":31,"column":16},"end":{"line":36,"column":3}},"line":31}},"branchMap":{"0":{"loc":{"start":{"line":16,"column":4},"end":{"line":28,"column":5}},"type":"if","locations":[{"start":{"line":16,"column":4},"end":{"line":28,"column":5}},{"start":{"line":25,"column":11},"end":{"line":28,"column":5}}],"line":16},"1":{"loc":{"start":{"line":32,"column":4},"end":{"line":34,"column":5}},"type":"if","locations":[{"start":{"line":32,"column":4},"end":{"line":34,"column":5}},{"start":{},"end":{}}],"line":32}},"s":{"0":17,"1":17,"2":17,"3":17,"4":17,"5":16,"6":0,"7":0,"8":0,"9":0,"10":0,"11":0,"12":16,"13":16,"14":33,"15":0,"16":33,"17":17},"f":{"0":17,"1":16,"2":33},"b":{"0":[0,16],"1":[0,33]},"_coverageSchema":"1a1c01bbd47fc00a2c39e90264f33305004495a9","hash":"6090ce126a192fdbf578527bb7a87f8c0721f088"}
,"H:\\Projetos\\sps-test\\sps-back\\src\\database\\mockDatabase.js": {"path":"H:\\Projetos\\sps-test\\sps-back\\src\\database\\mockDatabase.js","statementMap":{"0":{"start":{"line":1,"column":13},"end":{"line":1,"column":38}},"1":{"start":{"line":5,"column":4},"end":{"line":5,"column":20}},"2":{"start":{"line":6,"column":4},"end":{"line":6,"column":20}},"3":{"start":{"line":7,"column":4},"end":{"line":7,"column":27}},"4":{"start":{"line":11,"column":18},"end":{"line":17,"column":5}},"5":{"start":{"line":18,"column":4},"end":{"line":18,"column":27}},"6":{"start":{"line":22,"column":4},"end":{"line":22,"column":57}},"7":{"start":{"line":22,"column":35},"end":{"line":22,"column":55}},"8":{"start":{"line":26,"column":4},"end":{"line":26,"column":61}},"9":{"start":{"line":26,"column":35},"end":{"line":26,"column":59}},"10":{"start":{"line":30,"column":4},"end":{"line":30,"column":22}},"11":{"start":{"line":34,"column":17},"end":{"line":41,"column":5}},"12":{"start":{"line":42,"column":4},"end":{"line":42,"column":26}},"13":{"start":{"line":43,"column":4},"end":{"line":43,"column":16}},"14":{"start":{"line":47,"column":22},"end":{"line":47,"column":76}},"15":{"start":{"line":47,"column":51},"end":{"line":47,"column":75}},"16":{"start":{"line":48,"column":4},"end":{"line":48,"column":38}},"17":{"start":{"line":48,"column":26},"end":{"line":48,"column":38}},"18":{"start":{"line":50,"column":4},"end":{"line":50,"column":70}},"19":{"start":{"line":51,"column":4},"end":{"line":51,"column":33}},"20":{"start":{"line":55,"column":22},"end":{"line":55,"column":76}},"21":{"start":{"line":55,"column":51},"end":{"line":55,"column":75}},"22":{"start":{"line":56,"column":4},"end":{"line":56,"column":39}},"23":{"start":{"line":56,"column":26},"end":{"line":56,"column":39}},"24":{"start":{"line":58,"column":4},"end":{"line":58,"column":36}},"25":{"start":{"line":59,"column":4},"end":{"line":59,"column":16}},"26":{"start":{"line":63,"column":0},"end":{"line":63,"column":36}}},"fnMap":{"0":{"name":"(anonymous_0)","decl":{"start":{"line":4,"column":2},"end":{"line":4,"column":3}},"loc":{"start":{"line":4,"column":16},"end":{"line":8,"column":3}},"line":4},"1":{"name":"(anonymous_1)","decl":{"start":{"line":10,"column":2},"end":{"line":10,"column":3}},"loc":{"start":{"line":10,"column":20},"end":{"line":19,"column":3}},"line":10},"2":{"name":"(anonymous_2)","decl":{"start":{"line":21,"column":2},"end":{"line":21,"column":3}},"loc":{"start":{"line":21,"column":25},"end":{"line":23,"column":3}},"line":21},"3":{"name":"(anonymous_3)","decl":{"start":{"line":22,"column":27},"end":{"line":22,"column":28}},"loc":{"start":{"line":22,"column":35},"end":{"line":22,"column":55}},"line":22},"4":{"name":"(anonymous_4)","decl":{"start":{"line":25,"column":2},"end":{"line":25,"column":3}},"loc":{"start":{"line":25,"column":19},"end":{"line":27,"column":3}},"line":25},"5":{"name":"(anonymous_5)","decl":{"start":{"line":26,"column":27},"end":{"line":26,"column":28}},"loc":{"start":{"line":26,"column":35},"end":{"line":26,"column":59}},"line":26},"6":{"name":"(anonymous_6)","decl":{"start":{"line":29,"column":2},"end":{"line":29,"column":3}},"loc":{"start":{"line":29,"column":16},"end":{"line":31,"column":3}},"line":29},"7":{"name":"(anonymous_7)","decl":{"start":{"line":33,"column":2},"end":{"line":33,"column":3}},"loc":{"start":{"line":33,"column":23},"end":{"line":44,"column":3}},"line":33},"8":{"name":"(anonymous_8)","decl":{"start":{"line":46,"column":2},"end":{"line":46,"column":3}},"loc":{"start":{"line":46,"column":27},"end":{"line":52,"column":3}},"line":46},"9":{"name":"(anonymous_9)","decl":{"start":{"line":47,"column":43},"end":{"line":47,"column":44}},"loc":{"start":{"line":47,"column":51},"end":{"line":47,"column":75}},"line":47},"10":{"name":"(anonymous_10)","decl":{"start":{"line":54,"column":2},"end":{"line":54,"column":3}},"loc":{"start":{"line":54,"column":17},"end":{"line":60,"column":3}},"line":54},"11":{"name":"(anonymous_11)","decl":{"start":{"line":55,"column":43},"end":{"line":55,"column":44}},"loc":{"start":{"line":55,"column":51},"end":{"line":55,"column":75}},"line":55}},"branchMap":{"0":{"loc":{"start":{"line":48,"column":4},"end":{"line":48,"column":38}},"type":"if","locations":[{"start":{"line":48,"column":4},"end":{"line":48,"column":38}},{"start":{},"end":{}}],"line":48},"1":{"loc":{"start":{"line":56,"column":4},"end":{"line":56,"column":39}},"type":"if","locations":[{"start":{"line":56,"column":4},"end":{"line":56,"column":39}},{"start":{},"end":{}}],"line":56}},"s":{"0":17,"1":17,"2":17,"3":17,"4":45,"5":45,"6":17,"7":17,"8":7,"9":10,"10":4,"11":7,"12":7,"13":7,"14":6,"15":7,"16":6,"17":2,"18":4,"19":4,"20":7,"21":11,"22":7,"23":3,"24":4,"25":4,"26":17},"f":{"0":17,"1":45,"2":17,"3":17,"4":7,"5":10,"6":4,"7":7,"8":6,"9":7,"10":7,"11":11},"b":{"0":[2,4],"1":[3,4]},"_coverageSchema":"1a1c01bbd47fc00a2c39e90264f33305004495a9","hash":"8fa6f9d3e837a82ec97900daf1a1bd9d8b057aa4"}
,"H:\\Projetos\\sps-test\\sps-back\\src\\database\\redisDatabase.js": {"path":"H:\\Projetos\\sps-test\\sps-back\\src\\database\\redisDatabase.js","statementMap":{"0":{"start":{"line":1,"column":14},"end":{"line":1,"column":30}},"1":{"start":{"line":2,"column":13},"end":{"line":2,"column":38}},"2":{"start":{"line":3,"column":15},"end":{"line":3,"column":42}},"3":{"start":{"line":7,"column":4},"end":{"line":7,"column":23}},"4":{"start":{"line":8,"column":4},"end":{"line":8,"column":20}},"5":{"start":{"line":9,"column":4},"end":{"line":9,"column":29}},"6":{"start":{"line":13,"column":4},"end":{"line":22,"column":5}},"7":{"start":{"line":14,"column":6},"end":{"line":14,"column":71}},"8":{"start":{"line":15,"column":6},"end":{"line":15,"column":34}},"9":{"start":{"line":16,"column":6},"end":{"line":16,"column":30}},"10":{"start":{"line":17,"column":6},"end":{"line":17,"column":35}},"11":{"start":{"line":18,"column":6},"end":{"line":18,"column":49}},"12":{"start":{"line":20,"column":6},"end":{"line":20,"column":53}},"13":{"start":{"line":21,"column":6},"end":{"line":21,"column":18}},"14":{"start":{"line":26,"column":24},"end":{"line":26,"column":63}},"15":{"start":{"line":27,"column":4},"end":{"line":31,"column":5}},"16":{"start":{"line":28,"column":20},"end":{"line":28,"column":82}},"17":{"start":{"line":29,"column":6},"end":{"line":29,"column":66}},"18":{"start":{"line":30,"column":6},"end":{"line":30,"column":43}},"19":{"start":{"line":35,"column":4},"end":{"line":50,"column":5}},"20":{"start":{"line":36,"column":20},"end":{"line":36,"column":54}},"21":{"start":{"line":37,"column":6},"end":{"line":45,"column":7}},"22":{"start":{"line":38,"column":8},"end":{"line":44,"column":9}},"23":{"start":{"line":39,"column":23},"end":{"line":39,"column":43}},"24":{"start":{"line":40,"column":10},"end":{"line":40,"column":48}},"25":{"start":{"line":40,"column":36},"end":{"line":40,"column":48}},"26":{"start":{"line":42,"column":10},"end":{"line":42,"column":118}},"27":{"start":{"line":43,"column":10},"end":{"line":43,"column":19}},"28":{"start":{"line":46,"column":6},"end":{"line":46,"column":18}},"29":{"start":{"line":48,"column":6},"end":{"line":48,"column":110}},"30":{"start":{"line":49,"column":6},"end":{"line":49,"column":18}},"31":{"start":{"line":54,"column":4},"end":{"line":67,"column":5}},"32":{"start":{"line":55,"column":23},"end":{"line":55,"column":69}},"33":{"start":{"line":56,"column":6},"end":{"line":56,"column":33}},"34":{"start":{"line":56,"column":21},"end":{"line":56,"column":33}},"35":{"start":{"line":58,"column":6},"end":{"line":63,"column":7}},"36":{"start":{"line":59,"column":8},"end":{"line":59,"column":36}},"37":{"start":{"line":61,"column":8},"end":{"line":61,"column":156}},"38":{"start":{"line":62,"column":8},"end":{"line":62,"column":20}},"39":{"start":{"line":65,"column":6},"end":{"line":65,"column":147}},"40":{"start":{"line":66,"column":6},"end":{"line":66,"column":18}},"41":{"start":{"line":71,"column":18},"end":{"line":71,"column":52}},"42":{"start":{"line":72,"column":4},"end":{"line":72,"column":70}},"43":{"start":{"line":72,"column":48},"end":{"line":72,"column":68}},"44":{"start":{"line":76,"column":4},"end":{"line":93,"column":5}},"45":{"start":{"line":78,"column":27},"end":{"line":78,"column":69}},"46":{"start":{"line":79,"column":6},"end":{"line":81,"column":7}},"47":{"start":{"line":80,"column":8},"end":{"line":80,"column":47}},"48":{"start":{"line":83,"column":21},"end":{"line":83,"column":59}},"49":{"start":{"line":84,"column":19},"end":{"line":84,"column":110}},"50":{"start":{"line":86,"column":6},"end":{"line":86,"column":68}},"51":{"start":{"line":87,"column":6},"end":{"line":87,"column":73}},"52":{"start":{"line":89,"column":6},"end":{"line":89,"column":18}},"53":{"start":{"line":91,"column":6},"end":{"line":91,"column":99}},"54":{"start":{"line":92,"column":6},"end":{"line":92,"column":18}},"55":{"start":{"line":97,"column":25},"end":{"line":97,"column":52}},"56":{"start":{"line":98,"column":4},"end":{"line":98,"column":35}},"57":{"start":{"line":98,"column":23},"end":{"line":98,"column":35}},"58":{"start":{"line":100,"column":24},"end":{"line":100,"column":56}},"59":{"start":{"line":101,"column":4},"end":{"line":101,"column":80}},"60":{"start":{"line":103,"column":4},"end":{"line":103,"column":23}},"61":{"start":{"line":107,"column":4},"end":{"line":113,"column":5}},"62":{"start":{"line":108,"column":22},"end":{"line":108,"column":68}},"63":{"start":{"line":109,"column":6},"end":{"line":109,"column":25}},"64":{"start":{"line":111,"column":6},"end":{"line":111,"column":141}},"65":{"start":{"line":112,"column":6},"end":{"line":112,"column":18}},"66":{"start":{"line":117,"column":0},"end":{"line":117,"column":37}}},"fnMap":{"0":{"name":"(anonymous_0)","decl":{"start":{"line":6,"column":2},"end":{"line":6,"column":3}},"loc":{"start":{"line":6,"column":16},"end":{"line":10,"column":3}},"line":6},"1":{"name":"(anonymous_1)","decl":{"start":{"line":12,"column":2},"end":{"line":12,"column":3}},"loc":{"start":{"line":12,"column":18},"end":{"line":23,"column":3}},"line":12},"2":{"name":"(anonymous_2)","decl":{"start":{"line":25,"column":2},"end":{"line":25,"column":3}},"loc":{"start":{"line":25,"column":26},"end":{"line":32,"column":3}},"line":25},"3":{"name":"(anonymous_3)","decl":{"start":{"line":34,"column":2},"end":{"line":34,"column":3}},"loc":{"start":{"line":34,"column":31},"end":{"line":51,"column":3}},"line":34},"4":{"name":"(anonymous_4)","decl":{"start":{"line":53,"column":2},"end":{"line":53,"column":3}},"loc":{"start":{"line":53,"column":25},"end":{"line":68,"column":3}},"line":53},"5":{"name":"(anonymous_5)","decl":{"start":{"line":70,"column":2},"end":{"line":70,"column":3}},"loc":{"start":{"line":70,"column":22},"end":{"line":73,"column":3}},"line":70},"6":{"name":"(anonymous_6)","decl":{"start":{"line":72,"column":36},"end":{"line":72,"column":37}},"loc":{"start":{"line":72,"column":48},"end":{"line":72,"column":68}},"line":72},"7":{"name":"(anonymous_7)","decl":{"start":{"line":75,"column":2},"end":{"line":75,"column":3}},"loc":{"start":{"line":75,"column":29},"end":{"line":94,"column":3}},"line":75},"8":{"name":"(anonymous_8)","decl":{"start":{"line":96,"column":2},"end":{"line":96,"column":3}},"loc":{"start":{"line":96,"column":33},"end":{"line":104,"column":3}},"line":96},"9":{"name":"(anonymous_9)","decl":{"start":{"line":106,"column":2},"end":{"line":106,"column":3}},"loc":{"start":{"line":106,"column":23},"end":{"line":114,"column":3}},"line":106}},"branchMap":{"0":{"loc":{"start":{"line":27,"column":4},"end":{"line":31,"column":5}},"type":"if","locations":[{"start":{"line":27,"column":4},"end":{"line":31,"column":5}},{"start":{},"end":{}}],"line":27},"1":{"loc":{"start":{"line":40,"column":10},"end":{"line":40,"column":48}},"type":"if","locations":[{"start":{"line":40,"column":10},"end":{"line":40,"column":48}},{"start":{},"end":{}}],"line":40},"2":{"loc":{"start":{"line":56,"column":6},"end":{"line":56,"column":33}},"type":"if","locations":[{"start":{"line":56,"column":6},"end":{"line":56,"column":33}},{"start":{},"end":{}}],"line":56},"3":{"loc":{"start":{"line":79,"column":6},"end":{"line":81,"column":7}},"type":"if","locations":[{"start":{"line":79,"column":6},"end":{"line":81,"column":7}},{"start":{},"end":{}}],"line":79},"4":{"loc":{"start":{"line":83,"column":21},"end":{"line":83,"column":59}},"type":"binary-expr","locations":[{"start":{"line":83,"column":21},"end":{"line":83,"column":52}},{"start":{"line":83,"column":56},"end":{"line":83,"column":59}}],"line":83},"5":{"loc":{"start":{"line":98,"column":4},"end":{"line":98,"column":35}},"type":"if","locations":[{"start":{"line":98,"column":4},"end":{"line":98,"column":35}},{"start":{},"end":{}}],"line":98}},"s":{"0":17,"1":17,"2":17,"3":17,"4":17,"5":17,"6":0,"7":0,"8":0,"9":0,"10":0,"11":0,"12":0,"13":0,"14":0,"15":0,"16":0,"17":0,"18":0,"19":0,"20":0,"21":0,"22":0,"23":0,"24":0,"25":0,"26":0,"27":0,"28":0,"29":0,"30":0,"31":0,"32":0,"33":0,"34":0,"35":0,"36":0,"37":0,"38":0,"39":0,"40":0,"41":0,"42":0,"43":0,"44":0,"45":0,"46":0,"47":0,"48":0,"49":0,"50":0,"51":0,"52":0,"53":0,"54":0,"55":0,"56":0,"57":0,"58":0,"59":0,"60":0,"61":0,"62":0,"63":0,"64":0,"65":0,"66":17},"f":{"0":17,"1":0,"2":0,"3":0,"4":0,"5":0,"6":0,"7":0,"8":0,"9":0},"b":{"0":[0,0],"1":[0,0],"2":[0,0],"3":[0,0],"4":[0,0],"5":[0,0]},"_coverageSchema":"1a1c01bbd47fc00a2c39e90264f33305004495a9","hash":"6ac7a02666a328124e4dd2d7e1fa6ea000fdb59a"}
,"H:\\Projetos\\sps-test\\sps-back\\src\\middleware\\auth.js": {"path":"H:\\Projetos\\sps-test\\sps-back\\src\\middleware\\auth.js","statementMap":{"0":{"start":{"line":1,"column":20},"end":{"line":1,"column":54}},"1":{"start":{"line":2,"column":15},"end":{"line":2,"column":42}},"2":{"start":{"line":8,"column":23},"end":{"line":28,"column":1}},"3":{"start":{"line":9,"column":16},"end":{"line":9,"column":65}},"4":{"start":{"line":11,"column":2},"end":{"line":14,"column":3}},"5":{"start":{"line":12,"column":4},"end":{"line":12,"column":99}},"6":{"start":{"line":13,"column":4},"end":{"line":13,"column":66}},"7":{"start":{"line":16,"column":2},"end":{"line":27,"column":3}},"8":{"start":{"line":17,"column":20},"end":{"line":17,"column":50}},"9":{"start":{"line":18,"column":4},"end":{"line":21,"column":5}},"10":{"start":{"line":19,"column":6},"end":{"line":19,"column":92}},"11":{"start":{"line":20,"column":6},"end":{"line":20,"column":63}},"12":{"start":{"line":22,"column":4},"end":{"line":22,"column":23}},"13":{"start":{"line":23,"column":4},"end":{"line":23,"column":11}},"14":{"start":{"line":25,"column":4},"end":{"line":25,"column":70}},"15":{"start":{"line":26,"column":4},"end":{"line":26,"column":61}},"16":{"start":{"line":30,"column":0},"end":{"line":30,"column":32}}},"fnMap":{"0":{"name":"(anonymous_0)","decl":{"start":{"line":8,"column":23},"end":{"line":8,"column":24}},"loc":{"start":{"line":8,"column":43},"end":{"line":28,"column":1}},"line":8}},"branchMap":{"0":{"loc":{"start":{"line":11,"column":2},"end":{"line":14,"column":3}},"type":"if","locations":[{"start":{"line":11,"column":2},"end":{"line":14,"column":3}},{"start":{},"end":{}}],"line":11},"1":{"loc":{"start":{"line":18,"column":4},"end":{"line":21,"column":5}},"type":"if","locations":[{"start":{"line":18,"column":4},"end":{"line":21,"column":5}},{"start":{},"end":{}}],"line":18}},"s":{"0":6,"1":6,"2":6,"3":5,"4":5,"5":1,"6":1,"7":4,"8":4,"9":3,"10":1,"11":1,"12":2,"13":2,"14":1,"15":1,"16":6},"f":{"0":5},"b":{"0":[1,4],"1":[1,2]},"_coverageSchema":"1a1c01bbd47fc00a2c39e90264f33305004495a9","hash":"e8b8e9e4d8f02079d06a62e756d4381973ca265b"}
,"H:\\Projetos\\sps-test\\sps-back\\src\\middleware\\corsHandler.js": {"path":"H:\\Projetos\\sps-test\\sps-back\\src\\middleware\\corsHandler.js","statementMap":{"0":{"start":{"line":1,"column":15},"end":{"line":1,"column":42}},"1":{"start":{"line":6,"column":25},"end":{"line":20,"column":1}},"2":{"start":{"line":7,"column":2},"end":{"line":18,"column":3}},"3":{"start":{"line":8,"column":4},"end":{"line":12,"column":7}},"4":{"start":{"line":14,"column":4},"end":{"line":17,"column":7}},"5":{"start":{"line":19,"column":2},"end":{"line":19,"column":12}},"6":{"start":{"line":22,"column":0},"end":{"line":22,"column":34}}},"fnMap":{"0":{"name":"(anonymous_0)","decl":{"start":{"line":6,"column":25},"end":{"line":6,"column":26}},"loc":{"start":{"line":6,"column":50},"end":{"line":20,"column":1}},"line":6}},"branchMap":{"0":{"loc":{"start":{"line":7,"column":2},"end":{"line":18,"column":3}},"type":"if","locations":[{"start":{"line":7,"column":2},"end":{"line":18,"column":3}},{"start":{},"end":{}}],"line":7},"1":{"loc":{"start":{"line":9,"column":33},"end":{"line":9,"column":64}},"type":"binary-expr","locations":[{"start":{"line":9,"column":33},"end":{"line":9,"column":51}},{"start":{"line":9,"column":55},"end":{"line":9,"column":64}}],"line":9},"2":{"loc":{"start":{"line":11,"column":36},"end":{"line":11,"column":74}},"type":"binary-expr","locations":[{"start":{"line":11,"column":36},"end":{"line":11,"column":61}},{"start":{"line":11,"column":65},"end":{"line":11,"column":74}}],"line":11}},"s":{"0":2,"1":2,"2":2,"3":1,"4":1,"5":1,"6":2},"f":{"0":2},"b":{"0":[1,1],"1":[1,0],"2":[1,1]},"_coverageSchema":"1a1c01bbd47fc00a2c39e90264f33305004495a9","hash":"e98bd228b47897e2cb4adcae4734247c0a59c344"}
,"H:\\Projetos\\sps-test\\sps-back\\src\\middleware\\errorHandler.js": {"path":"H:\\Projetos\\sps-test\\sps-back\\src\\middleware\\errorHandler.js","statementMap":{"0":{"start":{"line":1,"column":15},"end":{"line":1,"column":42}},"1":{"start":{"line":3,"column":21},"end":{"line":38,"column":1}},"2":{"start":{"line":4,"column":2},"end":{"line":10,"column":5}},"3":{"start":{"line":13,"column":2},"end":{"line":15,"column":3}},"4":{"start":{"line":14,"column":4},"end":{"line":14,"column":56}},"5":{"start":{"line":18,"column":2},"end":{"line":20,"column":3}},"6":{"start":{"line":19,"column":4},"end":{"line":19,"column":61}},"7":{"start":{"line":23,"column":2},"end":{"line":25,"column":3}},"8":{"start":{"line":24,"column":4},"end":{"line":24,"column":88}},"9":{"start":{"line":26,"column":2},"end":{"line":28,"column":3}},"10":{"start":{"line":27,"column":4},"end":{"line":27,"column":71}},"11":{"start":{"line":29,"column":2},"end":{"line":31,"column":3}},"12":{"start":{"line":30,"column":4},"end":{"line":30,"column":74}},"13":{"start":{"line":32,"column":2},"end":{"line":34,"column":3}},"14":{"start":{"line":33,"column":4},"end":{"line":33,"column":87}},"15":{"start":{"line":37,"column":2},"end":{"line":37,"column":62}},"16":{"start":{"line":40,"column":0},"end":{"line":40,"column":30}}},"fnMap":{"0":{"name":"(anonymous_0)","decl":{"start":{"line":3,"column":21},"end":{"line":3,"column":22}},"loc":{"start":{"line":3,"column":46},"end":{"line":38,"column":1}},"line":3}},"branchMap":{"0":{"loc":{"start":{"line":13,"column":2},"end":{"line":15,"column":3}},"type":"if","locations":[{"start":{"line":13,"column":2},"end":{"line":15,"column":3}},{"start":{},"end":{}}],"line":13},"1":{"loc":{"start":{"line":18,"column":2},"end":{"line":20,"column":3}},"type":"if","locations":[{"start":{"line":18,"column":2},"end":{"line":20,"column":3}},{"start":{},"end":{}}],"line":18},"2":{"loc":{"start":{"line":23,"column":2},"end":{"line":25,"column":3}},"type":"if","locations":[{"start":{"line":23,"column":2},"end":{"line":25,"column":3}},{"start":{},"end":{}}],"line":23},"3":{"loc":{"start":{"line":26,"column":2},"end":{"line":28,"column":3}},"type":"if","locations":[{"start":{"line":26,"column":2},"end":{"line":28,"column":3}},{"start":{},"end":{}}],"line":26},"4":{"loc":{"start":{"line":29,"column":2},"end":{"line":31,"column":3}},"type":"if","locations":[{"start":{"line":29,"column":2},"end":{"line":31,"column":3}},{"start":{},"end":{}}],"line":29},"5":{"loc":{"start":{"line":32,"column":2},"end":{"line":34,"column":3}},"type":"if","locations":[{"start":{"line":32,"column":2},"end":{"line":34,"column":3}},{"start":{},"end":{}}],"line":32}},"s":{"0":4,"1":4,"2":10,"3":10,"4":2,"5":8,"6":2,"7":6,"8":2,"9":4,"10":1,"11":3,"12":1,"13":2,"14":1,"15":1,"16":4},"f":{"0":10},"b":{"0":[2,8],"1":[2,6],"2":[2,4],"3":[1,3],"4":[1,2],"5":[1,1]},"_coverageSchema":"1a1c01bbd47fc00a2c39e90264f33305004495a9","hash":"5c932418e4f2b53ffd7e747b1a90b134d40acfc6"}
,"H:\\Projetos\\sps-test\\sps-back\\src\\middleware\\globalAuth.js": {"path":"H:\\Projetos\\sps-test\\sps-back\\src\\middleware\\globalAuth.js","statementMap":{"0":{"start":{"line":1,"column":20},"end":{"line":1,"column":54}},"1":{"start":{"line":2,"column":15},"end":{"line":2,"column":42}},"2":{"start":{"line":23,"column":29},"end":{"line":72,"column":1}},"3":{"start":{"line":25,"column":23},"end":{"line":30,"column":3}},"4":{"start":{"line":33,"column":24},"end":{"line":38,"column":4}},"5":{"start":{"line":34,"column":4},"end":{"line":36,"column":5}},"6":{"start":{"line":35,"column":6},"end":{"line":35,"column":46}},"7":{"start":{"line":37,"column":4},"end":{"line":37,"column":30}},"8":{"start":{"line":40,"column":2},"end":{"line":42,"column":3}},"9":{"start":{"line":41,"column":4},"end":{"line":41,"column":18}},"10":{"start":{"line":45,"column":16},"end":{"line":45,"column":65}},"11":{"start":{"line":47,"column":2},"end":{"line":54,"column":3}},"12":{"start":{"line":48,"column":4},"end":{"line":52,"column":7}},"13":{"start":{"line":53,"column":4},"end":{"line":53,"column":66}},"14":{"start":{"line":56,"column":2},"end":{"line":71,"column":3}},"15":{"start":{"line":57,"column":20},"end":{"line":57,"column":50}},"16":{"start":{"line":58,"column":4},"end":{"line":65,"column":5}},"17":{"start":{"line":59,"column":6},"end":{"line":63,"column":9}},"18":{"start":{"line":64,"column":6},"end":{"line":64,"column":63}},"19":{"start":{"line":66,"column":4},"end":{"line":66,"column":23}},"20":{"start":{"line":67,"column":4},"end":{"line":67,"column":11}},"21":{"start":{"line":69,"column":4},"end":{"line":69,"column":70}},"22":{"start":{"line":70,"column":4},"end":{"line":70,"column":61}},"23":{"start":{"line":74,"column":0},"end":{"line":74,"column":38}}},"fnMap":{"0":{"name":"(anonymous_0)","decl":{"start":{"line":23,"column":29},"end":{"line":23,"column":30}},"loc":{"start":{"line":23,"column":49},"end":{"line":72,"column":1}},"line":23},"1":{"name":"(anonymous_1)","decl":{"start":{"line":33,"column":42},"end":{"line":33,"column":43}},"loc":{"start":{"line":33,"column":51},"end":{"line":38,"column":3}},"line":33}},"branchMap":{"0":{"loc":{"start":{"line":34,"column":4},"end":{"line":36,"column":5}},"type":"if","locations":[{"start":{"line":34,"column":4},"end":{"line":36,"column":5}},{"start":{},"end":{}}],"line":34},"1":{"loc":{"start":{"line":40,"column":2},"end":{"line":42,"column":3}},"type":"if","locations":[{"start":{"line":40,"column":2},"end":{"line":42,"column":3}},{"start":{},"end":{}}],"line":40},"2":{"loc":{"start":{"line":47,"column":2},"end":{"line":54,"column":3}},"type":"if","locations":[{"start":{"line":47,"column":2},"end":{"line":54,"column":3}},{"start":{},"end":{}}],"line":47},"3":{"loc":{"start":{"line":58,"column":4},"end":{"line":65,"column":5}},"type":"if","locations":[{"start":{"line":58,"column":4},"end":{"line":65,"column":5}},{"start":{},"end":{}}],"line":58}},"s":{"0":3,"1":3,"2":3,"3":25,"4":25,"5":95,"6":21,"7":74,"8":25,"9":4,"10":21,"11":21,"12":6,"13":6,"14":15,"15":15,"16":15,"17":1,"18":1,"19":14,"20":14,"21":0,"22":0,"23":3},"f":{"0":25,"1":95},"b":{"0":[21,74],"1":[4,21],"2":[6,15],"3":[1,14]},"_coverageSchema":"1a1c01bbd47fc00a2c39e90264f33305004495a9","hash":"26feefd3a03091bba8745bab5fedbeaf6bce6239"}
,"H:\\Projetos\\sps-test\\sps-back\\src\\middleware\\roleAuth.js": {"path":"H:\\Projetos\\sps-test\\sps-back\\src\\middleware\\roleAuth.js","statementMap":{"0":{"start":{"line":1,"column":15},"end":{"line":1,"column":42}},"1":{"start":{"line":6,"column":17},"end":{"line":44,"column":1}},"2":{"start":{"line":9,"column":4},"end":{"line":12,"column":5}},"3":{"start":{"line":10,"column":6},"end":{"line":10,"column":96}},"4":{"start":{"line":11,"column":6},"end":{"line":11,"column":87}},"5":{"start":{"line":13,"column":4},"end":{"line":13,"column":11}},"6":{"start":{"line":19,"column":4},"end":{"line":19,"column":11}},"7":{"start":{"line":24,"column":19},"end":{"line":24,"column":29}},"8":{"start":{"line":25,"column":19},"end":{"line":25,"column":30}},"9":{"start":{"line":26,"column":21},"end":{"line":26,"column":34}},"10":{"start":{"line":29,"column":4},"end":{"line":31,"column":5}},"11":{"start":{"line":30,"column":6},"end":{"line":30,"column":20}},"12":{"start":{"line":34,"column":4},"end":{"line":40,"column":5}},"13":{"start":{"line":35,"column":6},"end":{"line":38,"column":9}},"14":{"start":{"line":39,"column":6},"end":{"line":39,"column":105}},"15":{"start":{"line":42,"column":4},"end":{"line":42,"column":11}},"16":{"start":{"line":46,"column":0},"end":{"line":46,"column":26}}},"fnMap":{"0":{"name":"(anonymous_0)","decl":{"start":{"line":8,"column":13},"end":{"line":8,"column":14}},"loc":{"start":{"line":8,"column":33},"end":{"line":14,"column":3}},"line":8},"1":{"name":"(anonymous_1)","decl":{"start":{"line":17,"column":17},"end":{"line":17,"column":18}},"loc":{"start":{"line":17,"column":37},"end":{"line":20,"column":3}},"line":17},"2":{"name":"(anonymous_2)","decl":{"start":{"line":23,"column":16},"end":{"line":23,"column":17}},"loc":{"start":{"line":23,"column":36},"end":{"line":43,"column":3}},"line":23}},"branchMap":{"0":{"loc":{"start":{"line":9,"column":4},"end":{"line":12,"column":5}},"type":"if","locations":[{"start":{"line":9,"column":4},"end":{"line":12,"column":5}},{"start":{},"end":{}}],"line":9},"1":{"loc":{"start":{"line":9,"column":8},"end":{"line":9,"column":68}},"type":"binary-expr","locations":[{"start":{"line":9,"column":8},"end":{"line":9,"column":33}},{"start":{"line":9,"column":37},"end":{"line":9,"column":68}}],"line":9},"2":{"loc":{"start":{"line":29,"column":4},"end":{"line":31,"column":5}},"type":"if","locations":[{"start":{"line":29,"column":4},"end":{"line":31,"column":5}},{"start":{},"end":{}}],"line":29},"3":{"loc":{"start":{"line":29,"column":8},"end":{"line":29,"column":58}},"type":"binary-expr","locations":[{"start":{"line":29,"column":8},"end":{"line":29,"column":28}},{"start":{"line":29,"column":32},"end":{"line":29,"column":58}}],"line":29},"4":{"loc":{"start":{"line":34,"column":4},"end":{"line":40,"column":5}},"type":"if","locations":[{"start":{"line":34,"column":4},"end":{"line":40,"column":5}},{"start":{},"end":{}}],"line":34}},"s":{"0":6,"1":6,"2":11,"3":1,"4":1,"5":10,"6":4,"7":6,"8":6,"9":6,"10":6,"11":4,"12":2,"13":1,"14":1,"15":1,"16":6},"f":{"0":11,"1":4,"2":6},"b":{"0":[1,10],"1":[11,10],"2":[4,2],"3":[6,5],"4":[1,1]},"_coverageSchema":"1a1c01bbd47fc00a2c39e90264f33305004495a9","hash":"3df3edbfdb55fed43265d756f137466083aa4be2"}
,"H:\\Projetos\\sps-test\\sps-back\\src\\middleware\\security.js": {"path":"H:\\Projetos\\sps-test\\sps-back\\src\\middleware\\security.js","statementMap":{"0":{"start":{"line":1,"column":15},"end":{"line":1,"column":42}},"1":{"start":{"line":4,"column":22},"end":{"line":4,"column":31}},"2":{"start":{"line":5,"column":26},"end":{"line":5,"column":40}},"3":{"start":{"line":6,"column":21},"end":{"line":6,"column":24}},"4":{"start":{"line":12,"column":27},"end":{"line":52,"column":1}},"5":{"start":{"line":13,"column":19},"end":{"line":13,"column":57}},"6":{"start":{"line":14,"column":14},"end":{"line":14,"column":24}},"7":{"start":{"line":17,"column":2},"end":{"line":39,"column":3}},"8":{"start":{"line":18,"column":4},"end":{"line":18,"column":82}},"9":{"start":{"line":20,"column":23},"end":{"line":20,"column":50}},"10":{"start":{"line":22,"column":4},"end":{"line":38,"column":5}},"11":{"start":{"line":24,"column":6},"end":{"line":24,"column":84}},"12":{"start":{"line":26,"column":6},"end":{"line":26,"column":25}},"13":{"start":{"line":28,"column":6},"end":{"line":37,"column":7}},"14":{"start":{"line":29,"column":8},"end":{"line":33,"column":11}},"15":{"start":{"line":34,"column":8},"end":{"line":36,"column":11}},"16":{"start":{"line":42,"column":2},"end":{"line":49,"column":3}},"17":{"start":{"line":43,"column":4},"end":{"line":48,"column":7}},"18":{"start":{"line":51,"column":2},"end":{"line":51,"column":9}},"19":{"start":{"line":54,"column":0},"end":{"line":54,"column":36}}},"fnMap":{"0":{"name":"(anonymous_0)","decl":{"start":{"line":12,"column":27},"end":{"line":12,"column":28}},"loc":{"start":{"line":12,"column":47},"end":{"line":52,"column":1}},"line":12}},"branchMap":{"0":{"loc":{"start":{"line":13,"column":19},"end":{"line":13,"column":57}},"type":"binary-expr","locations":[{"start":{"line":13,"column":19},"end":{"line":13,"column":25}},{"start":{"line":13,"column":29},"end":{"line":13,"column":57}}],"line":13},"1":{"loc":{"start":{"line":17,"column":2},"end":{"line":39,"column":3}},"type":"if","locations":[{"start":{"line":17,"column":2},"end":{"line":39,"column":3}},{"start":{"line":19,"column":9},"end":{"line":39,"column":3}}],"line":17},"2":{"loc":{"start":{"line":22,"column":4},"end":{"line":38,"column":5}},"type":"if","locations":[{"start":{"line":22,"column":4},"end":{"line":38,"column":5}},{"start":{"line":25,"column":11},"end":{"line":38,"column":5}}],"line":22},"3":{"loc":{"start":{"line":28,"column":6},"end":{"line":37,"column":7}},"type":"if","locations":[{"start":{"line":28,"column":6},"end":{"line":37,"column":7}},{"start":{},"end":{}}],"line":28},"4":{"loc":{"start":{"line":42,"column":2},"end":{"line":49,"column":3}},"type":"if","locations":[{"start":{"line":42,"column":2},"end":{"line":49,"column":3}},{"start":{},"end":{}}],"line":42},"5":{"loc":{"start":{"line":42,"column":6},"end":{"line":42,"column":55}},"type":"binary-expr","locations":[{"start":{"line":42,"column":6},"end":{"line":42,"column":26}},{"start":{"line":42,"column":30},"end":{"line":42,"column":55}}],"line":42}},"s":{"0":1,"1":1,"2":1,"3":1,"4":1,"5":2,"6":2,"7":2,"8":1,"9":1,"10":1,"11":0,"12":1,"13":1,"14":0,"15":0,"16":2,"17":1,"18":2,"19":1},"f":{"0":2},"b":{"0":[2,0],"1":[1,1],"2":[0,1],"3":[0,1],"4":[1,1],"5":[2,1]},"_coverageSchema":"1a1c01bbd47fc00a2c39e90264f33305004495a9","hash":"03638f46eb2473df47bdd9b3f450f2b838ef81cb"}
,"H:\\Projetos\\sps-test\\sps-back\\src\\middleware\\upload.js": {"path":"H:\\Projetos\\sps-test\\sps-back\\src\\middleware\\upload.js","statementMap":{"0":{"start":{"line":1,"column":15},"end":{"line":1,"column":32}},"1":{"start":{"line":2,"column":13},"end":{"line":2,"column":28}},"2":{"start":{"line":8,"column":16},"end":{"line":36,"column":2}},"3":{"start":{"line":11,"column":27},"end":{"line":11,"column":59}},"4":{"start":{"line":12,"column":4},"end":{"line":12,"column":29}},"5":{"start":{"line":16,"column":25},"end":{"line":16,"column":75}},"6":{"start":{"line":18,"column":25},"end":{"line":18,"column":97}},"7":{"start":{"line":19,"column":24},"end":{"line":19,"column":66}},"8":{"start":{"line":21,"column":4},"end":{"line":23,"column":5}},"9":{"start":{"line":22,"column":6},"end":{"line":22,"column":71}},"10":{"start":{"line":25,"column":21},"end":{"line":25,"column":60}},"11":{"start":{"line":26,"column":27},"end":{"line":26,"column":59}},"12":{"start":{"line":27,"column":21},"end":{"line":27,"column":59}},"13":{"start":{"line":30,"column":4},"end":{"line":32,"column":5}},"14":{"start":{"line":31,"column":6},"end":{"line":31,"column":65}},"15":{"start":{"line":34,"column":4},"end":{"line":34,"column":23}},"16":{"start":{"line":38,"column":19},"end":{"line":44,"column":1}},"17":{"start":{"line":39,"column":2},"end":{"line":43,"column":3}},"18":{"start":{"line":40,"column":4},"end":{"line":40,"column":19}},"19":{"start":{"line":42,"column":4},"end":{"line":42,"column":58}},"20":{"start":{"line":46,"column":15},"end":{"line":52,"column":2}},"21":{"start":{"line":54,"column":0},"end":{"line":54,"column":24}}},"fnMap":{"0":{"name":"(anonymous_0)","decl":{"start":{"line":9,"column":15},"end":{"line":9,"column":16}},"loc":{"start":{"line":9,"column":34},"end":{"line":13,"column":3}},"line":9},"1":{"name":"(anonymous_1)","decl":{"start":{"line":14,"column":12},"end":{"line":14,"column":13}},"loc":{"start":{"line":14,"column":31},"end":{"line":35,"column":3}},"line":14},"2":{"name":"(anonymous_2)","decl":{"start":{"line":38,"column":19},"end":{"line":38,"column":20}},"loc":{"start":{"line":38,"column":38},"end":{"line":44,"column":1}},"line":38}},"branchMap":{"0":{"loc":{"start":{"line":21,"column":4},"end":{"line":23,"column":5}},"type":"if","locations":[{"start":{"line":21,"column":4},"end":{"line":23,"column":5}},{"start":{},"end":{}}],"line":21},"1":{"loc":{"start":{"line":30,"column":4},"end":{"line":32,"column":5}},"type":"if","locations":[{"start":{"line":30,"column":4},"end":{"line":32,"column":5}},{"start":{},"end":{}}],"line":30},"2":{"loc":{"start":{"line":39,"column":2},"end":{"line":43,"column":3}},"type":"if","locations":[{"start":{"line":39,"column":2},"end":{"line":43,"column":3}},{"start":{"line":41,"column":9},"end":{"line":43,"column":3}}],"line":39}},"s":{"0":6,"1":6,"2":6,"3":0,"4":0,"5":0,"6":0,"7":0,"8":0,"9":0,"10":0,"11":0,"12":0,"13":0,"14":0,"15":0,"16":6,"17":0,"18":0,"19":0,"20":6,"21":6},"f":{"0":0,"1":0,"2":0},"b":{"0":[0,0],"1":[0,0],"2":[0,0]},"_coverageSchema":"1a1c01bbd47fc00a2c39e90264f33305004495a9","hash":"a3d78d0664111bafb7b8ad207a95baabb7ca7d58"}
,"H:\\Projetos\\sps-test\\sps-back\\src\\models\\User.js": {"path":"H:\\Projetos\\sps-test\\sps-back\\src\\models\\User.js","statementMap":{"0":{"start":{"line":3,"column":4},"end":{"line":3,"column":17}},"1":{"start":{"line":4,"column":4},"end":{"line":4,"column":21}},"2":{"start":{"line":5,"column":4},"end":{"line":5,"column":23}},"3":{"start":{"line":6,"column":4},"end":{"line":6,"column":21}},"4":{"start":{"line":7,"column":4},"end":{"line":7,"column":29}},"5":{"start":{"line":8,"column":4},"end":{"line":8,"column":25}},"6":{"start":{"line":12,"column":0},"end":{"line":12,"column":22}}},"fnMap":{"0":{"name":"(anonymous_0)","decl":{"start":{"line":2,"column":2},"end":{"line":2,"column":3}},"loc":{"start":{"line":2,"column":62},"end":{"line":9,"column":3}},"line":2}},"branchMap":{"0":{"loc":{"start":{"line":2,"column":47},"end":{"line":2,"column":60}},"type":"default-arg","locations":[{"start":{"line":2,"column":56},"end":{"line":2,"column":60}}],"line":2}},"s":{"0":52,"1":52,"2":52,"3":52,"4":52,"5":52,"6":17},"f":{"0":52},"b":{"0":[49]},"_coverageSchema":"1a1c01bbd47fc00a2c39e90264f33305004495a9","hash":"63fb804fd509ca358f81d112c0d801ba2086e7f4"}
,"H:\\Projetos\\sps-test\\sps-back\\src\\services\\AuthService.js": {"path":"H:\\Projetos\\sps-test\\sps-back\\src\\services\\AuthService.js","statementMap":{"0":{"start":{"line":1,"column":12},"end":{"line":1,"column":35}},"1":{"start":{"line":2,"column":15},"end":{"line":2,"column":34}},"2":{"start":{"line":3,"column":15},"end":{"line":3,"column":32}},"3":{"start":{"line":4,"column":24},"end":{"line":4,"column":46}},"4":{"start":{"line":5,"column":15},"end":{"line":5,"column":42}},"5":{"start":{"line":15,"column":4},"end":{"line":17,"column":5}},"6":{"start":{"line":16,"column":6},"end":{"line":16,"column":56}},"7":{"start":{"line":19,"column":21},"end":{"line":19,"column":50}},"8":{"start":{"line":20,"column":17},"end":{"line":20,"column":54}},"9":{"start":{"line":22,"column":4},"end":{"line":25,"column":5}},"10":{"start":{"line":23,"column":6},"end":{"line":23,"column":100}},"11":{"start":{"line":24,"column":6},"end":{"line":24,"column":18}},"12":{"start":{"line":28,"column":26},"end":{"line":28,"column":31}},"13":{"start":{"line":29,"column":4},"end":{"line":37,"column":5}},"14":{"start":{"line":30,"column":6},"end":{"line":30,"column":70}},"15":{"start":{"line":33,"column":33},"end":{"line":33,"column":67}},"16":{"start":{"line":34,"column":34},"end":{"line":34,"column":63}},"17":{"start":{"line":35,"column":6},"end":{"line":36,"column":72}},"18":{"start":{"line":39,"column":4},"end":{"line":42,"column":5}},"19":{"start":{"line":40,"column":6},"end":{"line":40,"column":97}},"20":{"start":{"line":41,"column":6},"end":{"line":41,"column":18}},"21":{"start":{"line":44,"column":4},"end":{"line":46,"column":5}},"22":{"start":{"line":45,"column":6},"end":{"line":45,"column":52}},"23":{"start":{"line":48,"column":18},"end":{"line":52,"column":5}},"24":{"start":{"line":54,"column":4},"end":{"line":54,"column":107}},"25":{"start":{"line":55,"column":4},"end":{"line":55,"column":118}},"26":{"start":{"line":64,"column":4},"end":{"line":72,"column":5}},"27":{"start":{"line":65,"column":6},"end":{"line":67,"column":7}},"28":{"start":{"line":66,"column":8},"end":{"line":66,"column":54}},"29":{"start":{"line":68,"column":6},"end":{"line":68,"column":55}},"30":{"start":{"line":70,"column":6},"end":{"line":70,"column":73}},"31":{"start":{"line":71,"column":6},"end":{"line":71,"column":18}},"32":{"start":{"line":76,"column":0},"end":{"line":76,"column":35}}},"fnMap":{"0":{"name":"(anonymous_0)","decl":{"start":{"line":14,"column":2},"end":{"line":14,"column":3}},"loc":{"start":{"line":14,"column":31},"end":{"line":56,"column":3}},"line":14},"1":{"name":"(anonymous_1)","decl":{"start":{"line":63,"column":2},"end":{"line":63,"column":3}},"loc":{"start":{"line":63,"column":21},"end":{"line":73,"column":3}},"line":63}},"branchMap":{"0":{"loc":{"start":{"line":15,"column":4},"end":{"line":17,"column":5}},"type":"if","locations":[{"start":{"line":15,"column":4},"end":{"line":17,"column":5}},{"start":{},"end":{}}],"line":15},"1":{"loc":{"start":{"line":15,"column":8},"end":{"line":15,"column":27}},"type":"binary-expr","locations":[{"start":{"line":15,"column":8},"end":{"line":15,"column":14}},{"start":{"line":15,"column":18},"end":{"line":15,"column":27}}],"line":15},"2":{"loc":{"start":{"line":22,"column":4},"end":{"line":25,"column":5}},"type":"if","locations":[{"start":{"line":22,"column":4},"end":{"line":25,"column":5}},{"start":{},"end":{}}],"line":22},"3":{"loc":{"start":{"line":29,"column":4},"end":{"line":37,"column":5}},"type":"if","locations":[{"start":{"line":29,"column":4},"end":{"line":37,"column":5}},{"start":{"line":31,"column":11},"end":{"line":37,"column":5}}],"line":29},"4":{"loc":{"start":{"line":35,"column":24},"end":{"line":36,"column":71}},"type":"binary-expr","locations":[{"start":{"line":35,"column":24},"end":{"line":35,"column":80}},{"start":{"line":36,"column":8},"end":{"line":36,"column":71}}],"line":35},"5":{"loc":{"start":{"line":39,"column":4},"end":{"line":42,"column":5}},"type":"if","locations":[{"start":{"line":39,"column":4},"end":{"line":42,"column":5}},{"start":{},"end":{}}],"line":39},"6":{"loc":{"start":{"line":44,"column":4},"end":{"line":46,"column":5}},"type":"if","locations":[{"start":{"line":44,"column":4},"end":{"line":46,"column":5}},{"start":{},"end":{}}],"line":44},"7":{"loc":{"start":{"line":65,"column":6},"end":{"line":67,"column":7}},"type":"if","locations":[{"start":{"line":65,"column":6},"end":{"line":67,"column":7}},{"start":{},"end":{}}],"line":65}},"s":{"0":9,"1":9,"2":9,"3":9,"4":9,"5":9,"6":0,"7":9,"8":9,"9":9,"10":1,"11":1,"12":8,"13":8,"14":0,"15":8,"16":8,"17":8,"18":8,"19":2,"20":2,"21":6,"22":0,"23":6,"24":6,"25":6,"26":17,"27":17,"28":0,"29":17,"30":2,"31":2,"32":9},"f":{"0":9,"1":17},"b":{"0":[0,9],"1":[9,9],"2":[1,8],"3":[0,8],"4":[8,6],"5":[2,6],"6":[0,6],"7":[0,17]},"_coverageSchema":"1a1c01bbd47fc00a2c39e90264f33305004495a9","hash":"0cb91436e65efd12ea8a5a41b058695f9e7aa9b1"}
,"H:\\Projetos\\sps-test\\sps-back\\src\\services\\UserService.js": {"path":"H:\\Projetos\\sps-test\\sps-back\\src\\services\\UserService.js","statementMap":{"0":{"start":{"line":1,"column":24},"end":{"line":1,"column":46}},"1":{"start":{"line":2,"column":15},"end":{"line":2,"column":42}},"2":{"start":{"line":10,"column":4},"end":{"line":10,"column":46}},"3":{"start":{"line":11,"column":21},"end":{"line":11,"column":50}},"4":{"start":{"line":12,"column":4},"end":{"line":12,"column":40}},"5":{"start":{"line":21,"column":21},"end":{"line":21,"column":50}},"6":{"start":{"line":22,"column":4},"end":{"line":22,"column":43}},"7":{"start":{"line":32,"column":21},"end":{"line":32,"column":50}},"8":{"start":{"line":33,"column":25},"end":{"line":33,"column":71}},"9":{"start":{"line":34,"column":4},"end":{"line":37,"column":5}},"10":{"start":{"line":35,"column":6},"end":{"line":35,"column":115}},"11":{"start":{"line":36,"column":6},"end":{"line":36,"column":45}},"12":{"start":{"line":39,"column":17},"end":{"line":39,"column":52}},"13":{"start":{"line":40,"column":4},"end":{"line":40,"column":106}},"14":{"start":{"line":41,"column":4},"end":{"line":41,"column":16}},"15":{"start":{"line":52,"column":21},"end":{"line":52,"column":50}},"16":{"start":{"line":53,"column":4},"end":{"line":59,"column":5}},"17":{"start":{"line":54,"column":27},"end":{"line":54,"column":73}},"18":{"start":{"line":55,"column":6},"end":{"line":58,"column":7}},"19":{"start":{"line":56,"column":8},"end":{"line":56,"column":125}},"20":{"start":{"line":57,"column":8},"end":{"line":57,"column":47}},"21":{"start":{"line":61,"column":17},"end":{"line":61,"column":56}},"22":{"start":{"line":62,"column":4},"end":{"line":64,"column":5}},"23":{"start":{"line":63,"column":6},"end":{"line":63,"column":68}},"24":{"start":{"line":65,"column":4},"end":{"line":65,"column":16}},"25":{"start":{"line":74,"column":21},"end":{"line":74,"column":50}},"26":{"start":{"line":77,"column":17},"end":{"line":77,"column":48}},"27":{"start":{"line":78,"column":4},"end":{"line":81,"column":5}},"28":{"start":{"line":79,"column":6},"end":{"line":79,"column":70}},"29":{"start":{"line":80,"column":6},"end":{"line":80,"column":71}},"30":{"start":{"line":83,"column":20},"end":{"line":83,"column":49}},"31":{"start":{"line":84,"column":4},"end":{"line":86,"column":5}},"32":{"start":{"line":85,"column":6},"end":{"line":85,"column":66}},"33":{"start":{"line":87,"column":4},"end":{"line":87,"column":19}},"34":{"start":{"line":91,"column":0},"end":{"line":91,"column":35}}},"fnMap":{"0":{"name":"(anonymous_0)","decl":{"start":{"line":9,"column":2},"end":{"line":9,"column":3}},"loc":{"start":{"line":9,"column":22},"end":{"line":13,"column":3}},"line":9},"1":{"name":"(anonymous_1)","decl":{"start":{"line":20,"column":2},"end":{"line":20,"column":3}},"loc":{"start":{"line":20,"column":24},"end":{"line":23,"column":3}},"line":20},"2":{"name":"(anonymous_2)","decl":{"start":{"line":31,"column":2},"end":{"line":31,"column":3}},"loc":{"start":{"line":31,"column":29},"end":{"line":42,"column":3}},"line":31},"3":{"name":"(anonymous_3)","decl":{"start":{"line":51,"column":2},"end":{"line":51,"column":3}},"loc":{"start":{"line":51,"column":33},"end":{"line":66,"column":3}},"line":51},"4":{"name":"(anonymous_4)","decl":{"start":{"line":73,"column":2},"end":{"line":73,"column":3}},"loc":{"start":{"line":73,"column":23},"end":{"line":88,"column":3}},"line":73}},"branchMap":{"0":{"loc":{"start":{"line":34,"column":4},"end":{"line":37,"column":5}},"type":"if","locations":[{"start":{"line":34,"column":4},"end":{"line":37,"column":5}},{"start":{},"end":{}}],"line":34},"1":{"loc":{"start":{"line":53,"column":4},"end":{"line":59,"column":5}},"type":"if","locations":[{"start":{"line":53,"column":4},"end":{"line":59,"column":5}},{"start":{},"end":{}}],"line":53},"2":{"loc":{"start":{"line":55,"column":6},"end":{"line":58,"column":7}},"type":"if","locations":[{"start":{"line":55,"column":6},"end":{"line":58,"column":7}},{"start":{},"end":{}}],"line":55},"3":{"loc":{"start":{"line":55,"column":10},"end":{"line":55,"column":58}},"type":"binary-expr","locations":[{"start":{"line":55,"column":10},"end":{"line":55,"column":22}},{"start":{"line":55,"column":26},"end":{"line":55,"column":58}}],"line":55},"4":{"loc":{"start":{"line":62,"column":4},"end":{"line":64,"column":5}},"type":"if","locations":[{"start":{"line":62,"column":4},"end":{"line":64,"column":5}},{"start":{},"end":{}}],"line":62},"5":{"loc":{"start":{"line":78,"column":4},"end":{"line":81,"column":5}},"type":"if","locations":[{"start":{"line":78,"column":4},"end":{"line":81,"column":5}},{"start":{},"end":{}}],"line":78},"6":{"loc":{"start":{"line":78,"column":8},"end":{"line":78,"column":43}},"type":"binary-expr","locations":[{"start":{"line":78,"column":8},"end":{"line":78,"column":12}},{"start":{"line":78,"column":16},"end":{"line":78,"column":43}}],"line":78},"7":{"loc":{"start":{"line":84,"column":4},"end":{"line":86,"column":5}},"type":"if","locations":[{"start":{"line":84,"column":4},"end":{"line":86,"column":5}},{"start":{},"end":{}}],"line":84}},"s":{"0":7,"1":7,"2":3,"3":3,"4":3,"5":0,"6":0,"7":7,"8":7,"9":7,"10":2,"11":2,"12":5,"13":5,"14":5,"15":5,"16":5,"17":0,"18":0,"19":0,"20":0,"21":5,"22":5,"23":3,"24":5,"25":6,"26":6,"27":6,"28":1,"29":1,"30":5,"31":5,"32":3,"33":5,"34":7},"f":{"0":3,"1":0,"2":7,"3":5,"4":6},"b":{"0":[2,5],"1":[0,5],"2":[0,0],"3":[0,0],"4":[3,2],"5":[1,5],"6":[6,4],"7":[3,2]},"_coverageSchema":"1a1c01bbd47fc00a2c39e90264f33305004495a9","hash":"fdf0afb3c6eac8547d18388ce61914c473b342b2"}
}
