TN:
SF:src\routes.js
FN:28,(anonymous_0)
FN:41,(anonymous_1)
FNF:2
FNH:1
FNDA:2,(anonymous_0)
FNDA:0,(anonymous_1)
DA:1,5
DA:2,5
DA:3,5
DA:4,5
DA:5,5
DA:6,5
DA:8,5
DA:28,5
DA:29,2
DA:41,5
DA:42,0
DA:70,5
DA:91,5
DA:106,5
DA:141,5
DA:176,5
DA:197,5
DA:199,5
LF:18
LH:17
BRF:0
BRH:0
end_of_record
TN:
SF:src\config\logger.js
FNF:0
FNH:0
DA:1,0
DA:3,0
DA:20,0
LF:3
LH:0
BRF:0
BRH:0
end_of_record
TN:
SF:src\config\swagger.js
FNF:0
FNH:0
DA:1,0
DA:3,0
DA:30,0
LF:3
LH:0
BRF:0
BRH:0
end_of_record
TN:
SF:src\controllers\AuthController.js
FN:4,(anonymous_0)
FNF:1
FNH:1
FNDA:8,(anonymous_0)
DA:1,6
DA:5,8
DA:7,8
DA:8,2
DA:11,6
DA:13,6
DA:14,1
DA:17,5
DA:21,6
LF:9
LH:9
BRDA:7,0,0,2
BRDA:7,0,1,6
BRDA:7,1,0,8
BRDA:7,1,1,7
BRDA:13,2,0,1
BRDA:13,2,1,5
BRF:6
BRH:6
end_of_record
TN:
SF:src\controllers\UserController.js
FN:4,(anonymous_0)
FN:13,(anonymous_1)
FN:28,(anonymous_2)
FN:44,(anonymous_3)
FN:70,(anonymous_4)
FNF:5
FNH:4
FNDA:4,(anonymous_0)
FNDA:0,(anonymous_1)
FNDA:7,(anonymous_2)
FNDA:4,(anonymous_3)
FNDA:4,(anonymous_4)
DA:1,6
DA:5,4
DA:6,4
DA:7,4
DA:9,0
DA:14,0
DA:15,0
DA:16,0
DA:18,0
DA:19,0
DA:22,0
DA:24,0
DA:29,7
DA:30,7
DA:31,7
DA:33,7
DA:34,2
DA:37,5
DA:38,4
DA:40,1
DA:45,4
DA:46,4
DA:47,4
DA:49,4
DA:50,0
DA:54,4
DA:55,0
DA:58,4
DA:60,4
DA:61,1
DA:64,3
DA:66,0
DA:71,4
DA:72,4
DA:73,4
DA:75,4
DA:76,1
DA:79,3
DA:81,0
DA:86,6
LF:40
LH:28
BRDA:18,0,0,0
BRDA:18,0,1,0
BRDA:31,1,0,0
BRDA:31,1,1,7
BRDA:33,2,0,2
BRDA:33,2,1,5
BRDA:33,3,0,7
BRDA:33,3,1,6
BRDA:33,3,2,5
BRDA:33,3,3,5
BRDA:49,4,0,0
BRDA:49,4,1,4
BRDA:54,5,0,0
BRDA:54,5,1,4
BRDA:54,6,0,4
BRDA:54,6,1,3
BRDA:60,7,0,1
BRDA:60,7,1,3
BRDA:75,8,0,1
BRDA:75,8,1,3
BRF:20
BRH:15
end_of_record
TN:
SF:src\database\index.js
FN:10,(anonymous_0)
FN:15,(anonymous_1)
FN:31,(anonymous_2)
FNF:3
FNH:3
FNDA:17,(anonymous_0)
FNDA:16,(anonymous_1)
FNDA:33,(anonymous_2)
DA:1,17
DA:2,17
DA:3,17
DA:11,17
DA:12,17
DA:16,16
DA:17,0
DA:18,0
DA:19,0
DA:20,0
DA:22,0
DA:23,0
DA:26,16
DA:27,16
DA:32,33
DA:33,0
DA:35,33
DA:39,17
LF:18
LH:11
BRDA:16,0,0,0
BRDA:16,0,1,16
BRDA:32,1,0,0
BRDA:32,1,1,33
BRF:4
BRH:2
end_of_record
TN:
SF:src\database\mockDatabase.js
FN:4,(anonymous_0)
FN:10,(anonymous_1)
FN:21,(anonymous_2)
FN:22,(anonymous_3)
FN:25,(anonymous_4)
FN:26,(anonymous_5)
FN:29,(anonymous_6)
FN:33,(anonymous_7)
FN:46,(anonymous_8)
FN:47,(anonymous_9)
FN:54,(anonymous_10)
FN:55,(anonymous_11)
FNF:12
FNH:12
FNDA:17,(anonymous_0)
FNDA:45,(anonymous_1)
FNDA:17,(anonymous_2)
FNDA:17,(anonymous_3)
FNDA:7,(anonymous_4)
FNDA:10,(anonymous_5)
FNDA:4,(anonymous_6)
FNDA:7,(anonymous_7)
FNDA:6,(anonymous_8)
FNDA:7,(anonymous_9)
FNDA:7,(anonymous_10)
FNDA:11,(anonymous_11)
DA:1,17
DA:5,17
DA:6,17
DA:7,17
DA:11,45
DA:18,45
DA:22,17
DA:26,10
DA:30,4
DA:34,7
DA:42,7
DA:43,7
DA:47,7
DA:48,6
DA:50,4
DA:51,4
DA:55,11
DA:56,7
DA:58,4
DA:59,4
DA:63,17
LF:21
LH:21
BRDA:48,0,0,2
BRDA:48,0,1,4
BRDA:56,1,0,3
BRDA:56,1,1,4
BRF:4
BRH:4
end_of_record
TN:
SF:src\database\redisDatabase.js
FN:6,(anonymous_0)
FN:12,(anonymous_1)
FN:25,(anonymous_2)
FN:34,(anonymous_3)
FN:53,(anonymous_4)
FN:70,(anonymous_5)
FN:72,(anonymous_6)
FN:75,(anonymous_7)
FN:96,(anonymous_8)
FN:106,(anonymous_9)
FNF:10
FNH:1
FNDA:17,(anonymous_0)
FNDA:0,(anonymous_1)
FNDA:0,(anonymous_2)
FNDA:0,(anonymous_3)
FNDA:0,(anonymous_4)
FNDA:0,(anonymous_5)
FNDA:0,(anonymous_6)
FNDA:0,(anonymous_7)
FNDA:0,(anonymous_8)
FNDA:0,(anonymous_9)
DA:1,17
DA:2,17
DA:3,17
DA:7,17
DA:8,17
DA:9,17
DA:13,0
DA:14,0
DA:15,0
DA:16,0
DA:17,0
DA:18,0
DA:20,0
DA:21,0
DA:26,0
DA:27,0
DA:28,0
DA:29,0
DA:30,0
DA:35,0
DA:36,0
DA:37,0
DA:38,0
DA:39,0
DA:40,0
DA:42,0
DA:43,0
DA:46,0
DA:48,0
DA:49,0
DA:54,0
DA:55,0
DA:56,0
DA:58,0
DA:59,0
DA:61,0
DA:62,0
DA:65,0
DA:66,0
DA:71,0
DA:72,0
DA:76,0
DA:78,0
DA:79,0
DA:80,0
DA:83,0
DA:84,0
DA:86,0
DA:87,0
DA:89,0
DA:91,0
DA:92,0
DA:97,0
DA:98,0
DA:100,0
DA:101,0
DA:103,0
DA:107,0
DA:108,0
DA:109,0
DA:111,0
DA:112,0
DA:117,17
LF:63
LH:7
BRDA:27,0,0,0
BRDA:27,0,1,0
BRDA:40,1,0,0
BRDA:40,1,1,0
BRDA:56,2,0,0
BRDA:56,2,1,0
BRDA:79,3,0,0
BRDA:79,3,1,0
BRDA:83,4,0,0
BRDA:83,4,1,0
BRDA:98,5,0,0
BRDA:98,5,1,0
BRF:12
BRH:0
end_of_record
TN:
SF:src\middleware\auth.js
FN:8,(anonymous_0)
FNF:1
FNH:1
FNDA:5,(anonymous_0)
DA:1,6
DA:2,6
DA:8,6
DA:9,5
DA:11,5
DA:12,1
DA:13,1
DA:16,4
DA:17,4
DA:18,3
DA:19,1
DA:20,1
DA:22,2
DA:23,2
DA:25,1
DA:26,1
DA:30,6
LF:17
LH:17
BRDA:11,0,0,1
BRDA:11,0,1,4
BRDA:18,1,0,1
BRDA:18,1,1,2
BRF:4
BRH:4
end_of_record
TN:
SF:src\middleware\corsHandler.js
FN:6,(anonymous_0)
FNF:1
FNH:1
FNDA:2,(anonymous_0)
DA:1,2
DA:6,2
DA:7,2
DA:8,1
DA:14,1
DA:19,1
DA:22,2
LF:7
LH:7
BRDA:7,0,0,1
BRDA:7,0,1,1
BRDA:9,1,0,1
BRDA:9,1,1,0
BRDA:11,2,0,1
BRDA:11,2,1,1
BRF:6
BRH:5
end_of_record
TN:
SF:src\middleware\errorHandler.js
FN:3,(anonymous_0)
FNF:1
FNH:1
FNDA:10,(anonymous_0)
DA:1,4
DA:3,4
DA:4,10
DA:13,10
DA:14,2
DA:18,8
DA:19,2
DA:23,6
DA:24,2
DA:26,4
DA:27,1
DA:29,3
DA:30,1
DA:32,2
DA:33,1
DA:37,1
DA:40,4
LF:17
LH:17
BRDA:13,0,0,2
BRDA:13,0,1,8
BRDA:18,1,0,2
BRDA:18,1,1,6
BRDA:23,2,0,2
BRDA:23,2,1,4
BRDA:26,3,0,1
BRDA:26,3,1,3
BRDA:29,4,0,1
BRDA:29,4,1,2
BRDA:32,5,0,1
BRDA:32,5,1,1
BRF:12
BRH:12
end_of_record
TN:
SF:src\middleware\globalAuth.js
FN:23,(anonymous_0)
FN:33,(anonymous_1)
FNF:2
FNH:2
FNDA:25,(anonymous_0)
FNDA:95,(anonymous_1)
DA:1,3
DA:2,3
DA:23,3
DA:25,25
DA:33,25
DA:34,95
DA:35,21
DA:37,74
DA:40,25
DA:41,4
DA:45,21
DA:47,21
DA:48,6
DA:53,6
DA:56,15
DA:57,15
DA:58,15
DA:59,1
DA:64,1
DA:66,14
DA:67,14
DA:69,0
DA:70,0
DA:74,3
LF:24
LH:22
BRDA:34,0,0,21
BRDA:34,0,1,74
BRDA:40,1,0,4
BRDA:40,1,1,21
BRDA:47,2,0,6
BRDA:47,2,1,15
BRDA:58,3,0,1
BRDA:58,3,1,14
BRF:8
BRH:8
end_of_record
TN:
SF:src\middleware\roleAuth.js
FN:8,(anonymous_0)
FN:17,(anonymous_1)
FN:23,(anonymous_2)
FNF:3
FNH:3
FNDA:11,(anonymous_0)
FNDA:4,(anonymous_1)
FNDA:6,(anonymous_2)
DA:1,6
DA:6,6
DA:9,11
DA:10,1
DA:11,1
DA:13,10
DA:19,4
DA:24,6
DA:25,6
DA:26,6
DA:29,6
DA:30,4
DA:34,2
DA:35,1
DA:39,1
DA:42,1
DA:46,6
LF:17
LH:17
BRDA:9,0,0,1
BRDA:9,0,1,10
BRDA:9,1,0,11
BRDA:9,1,1,10
BRDA:29,2,0,4
BRDA:29,2,1,2
BRDA:29,3,0,6
BRDA:29,3,1,5
BRDA:34,4,0,1
BRDA:34,4,1,1
BRF:10
BRH:10
end_of_record
TN:
SF:src\middleware\security.js
FN:12,(anonymous_0)
FNF:1
FNH:1
FNDA:2,(anonymous_0)
DA:1,1
DA:4,1
DA:5,1
DA:6,1
DA:12,1
DA:13,2
DA:14,2
DA:17,2
DA:18,1
DA:20,1
DA:22,1
DA:24,0
DA:26,1
DA:28,1
DA:29,0
DA:34,0
DA:42,2
DA:43,1
DA:51,2
DA:54,1
LF:20
LH:17
BRDA:13,0,0,2
BRDA:13,0,1,0
BRDA:17,1,0,1
BRDA:17,1,1,1
BRDA:22,2,0,0
BRDA:22,2,1,1
BRDA:28,3,0,0
BRDA:28,3,1,1
BRDA:42,4,0,1
BRDA:42,4,1,1
BRDA:42,5,0,2
BRDA:42,5,1,1
BRF:12
BRH:9
end_of_record
TN:
SF:src\middleware\upload.js
FN:9,(anonymous_0)
FN:14,(anonymous_1)
FN:38,(anonymous_2)
FNF:3
FNH:0
FNDA:0,(anonymous_0)
FNDA:0,(anonymous_1)
FNDA:0,(anonymous_2)
DA:1,6
DA:2,6
DA:8,6
DA:11,0
DA:12,0
DA:16,0
DA:18,0
DA:19,0
DA:21,0
DA:22,0
DA:25,0
DA:26,0
DA:27,0
DA:30,0
DA:31,0
DA:34,0
DA:38,6
DA:39,0
DA:40,0
DA:42,0
DA:46,6
DA:54,6
LF:22
LH:6
BRDA:21,0,0,0
BRDA:21,0,1,0
BRDA:30,1,0,0
BRDA:30,1,1,0
BRDA:39,2,0,0
BRDA:39,2,1,0
BRF:6
BRH:0
end_of_record
TN:
SF:src\models\User.js
FN:2,(anonymous_0)
FNF:1
FNH:1
FNDA:52,(anonymous_0)
DA:3,52
DA:4,52
DA:5,52
DA:6,52
DA:7,52
DA:8,52
DA:12,17
LF:7
LH:7
BRDA:2,0,0,49
BRF:1
BRH:1
end_of_record
TN:
SF:src\services\AuthService.js
FN:14,(anonymous_0)
FN:63,(anonymous_1)
FNF:2
FNH:2
FNDA:9,(anonymous_0)
FNDA:17,(anonymous_1)
DA:1,9
DA:2,9
DA:3,9
DA:4,9
DA:5,9
DA:15,9
DA:16,0
DA:19,9
DA:20,9
DA:22,9
DA:23,1
DA:24,1
DA:28,8
DA:29,8
DA:30,0
DA:33,8
DA:34,8
DA:35,8
DA:39,8
DA:40,2
DA:41,2
DA:44,6
DA:45,0
DA:48,6
DA:54,6
DA:55,6
DA:64,17
DA:65,17
DA:66,0
DA:68,17
DA:70,2
DA:71,2
DA:76,9
LF:33
LH:29
BRDA:15,0,0,0
BRDA:15,0,1,9
BRDA:15,1,0,9
BRDA:15,1,1,9
BRDA:22,2,0,1
BRDA:22,2,1,8
BRDA:29,3,0,0
BRDA:29,3,1,8
BRDA:35,4,0,8
BRDA:35,4,1,6
BRDA:39,5,0,2
BRDA:39,5,1,6
BRDA:44,6,0,0
BRDA:44,6,1,6
BRDA:65,7,0,0
BRDA:65,7,1,17
BRF:16
BRH:12
end_of_record
TN:
SF:src\services\UserService.js
FN:9,(anonymous_0)
FN:20,(anonymous_1)
FN:31,(anonymous_2)
FN:51,(anonymous_3)
FN:73,(anonymous_4)
FNF:5
FNH:4
FNDA:3,(anonymous_0)
FNDA:0,(anonymous_1)
FNDA:7,(anonymous_2)
FNDA:5,(anonymous_3)
FNDA:6,(anonymous_4)
DA:1,7
DA:2,7
DA:10,3
DA:11,3
DA:12,3
DA:21,0
DA:22,0
DA:32,7
DA:33,7
DA:34,7
DA:35,2
DA:36,2
DA:39,5
DA:40,5
DA:41,5
DA:52,5
DA:53,5
DA:54,0
DA:55,0
DA:56,0
DA:57,0
DA:61,5
DA:62,5
DA:63,3
DA:65,5
DA:74,6
DA:77,6
DA:78,6
DA:79,1
DA:80,1
DA:83,5
DA:84,5
DA:85,3
DA:87,5
DA:91,7
LF:35
LH:29
BRDA:34,0,0,2
BRDA:34,0,1,5
BRDA:53,1,0,0
BRDA:53,1,1,5
BRDA:55,2,0,0
BRDA:55,2,1,0
BRDA:55,3,0,0
BRDA:55,3,1,0
BRDA:62,4,0,3
BRDA:62,4,1,2
BRDA:78,5,0,1
BRDA:78,5,1,5
BRDA:78,6,0,6
BRDA:78,6,1,4
BRDA:84,7,0,3
BRDA:84,7,1,2
BRF:16
BRH:11
end_of_record
